[sites.google.com/s/1SMD-juIy0fjpsQH6gpDHMi8fr9L19Wog/p/15EElhElNZa1gWolGnKOAkBEtwsLfpPCm/edit.0.delayed]
[accounts.google.com/ServiceLogin14b3.html]
[backblue.gif]
[fade.gif]
[index.html]
[ssl.gstatic.com/ui/v1/menu/checkmark.png]
[ssl.gstatic.com/accounts/ui/logo_1x.png]
[ssl.gstatic.com/images/branding/googlelogo/1x/googlelogo_color_112x36dp.png]
[ssl.gstatic.com/accounts/ui/logo_2x.png]
[ssl.gstatic.com/images/branding/googlelogo/2x/googlelogo_color_112x36dp.png]
[ssl.gstatic.com/accounts/ui/wlogostrip_230x17_1x.png]
[ssl.gstatic.com/accounts/ui/wlogostrip_230x17_2x.png]
[ssl.gstatic.com/ui/v1/icons/common/x_8px.png]
[ssl.gstatic.com/accounts/ui/avatar_2x.png]
[accounts.google.com/signin/usernamerecovery322d.html]
[accounts.google.com/AccountChooser.cb613.delayed]
[accounts.google.com/ServiceLogine3ee.html]
[accounts.google.com/SignUpd68c.html]
[accounts.google.com/TOS.f1f99.delayed]
[accounts.google.com/TOS.109609.delayed]
[ssl.gstatic.com/images/icons/ui/common/universal_language_settings-21.png]
[accounts.google.com/POST.12.delayed]
[accounts.google.com/GET.13.delayed]
[accounts.google.com/ServiceLogin14b3.html]
[accounts.google.com/signin/usernamerecovery322d.html]
[accounts.google.com/AccountChooser.1605da.delayed]
[accounts.google.com/ServiceLogine3ee.html]
[accounts.google.com/SignUp3e1d.html]
[ssl.gstatic.com/ui/v1/dialog/close-x.png]
[ssl.gstatic.com/i18n/phonenumbers/phoneinputwidget/flags4.png]
[ssl.gstatic.com/ui/v1/disclosure/grey-disclosure-arrow-up-down.png]
[ssl.gstatic.com/i18n/phonenumbers/phoneinputwidget/phone-input-arrow.png]
[ssl.gstatic.com/accounts/ui/wlogostrip_325x24_1x.png]
[ssl.gstatic.com/accounts/signup/devices_1x.png]
[ssl.gstatic.com/accounts/ui/wlogostrip_325x24_2x.png]
[ssl.gstatic.com/accounts/signup/devices_2x.png]
[ssl.gstatic.com/accounts/ui/refresh_white.png]
[accounts.google.com/ServiceLogin78f2.html]
[accounts.google.com/SignUpWithoutGmail3572.html]
[accounts.google.com/signin/recovery1796.html]
[accounts.google.com/TOS.287ad7.delayed]
[www.gstatic.com/images/icons/material/system/2x/keyboard_arrow_down_white_24dp.png]
[accounts.google.com/SignUpd68c.html]
[accounts.google.com/POST.html]
[accounts.google.com/GET.html]
[accounts.google.com/ServiceLogin2881.html]
[accounts.google.com/SignUpWithoutGmail2463.html]
[accounts.google.com/SignUp3e1d.html]
[accounts.google.com/signin/recoveryc957.html]
[accounts.google.com/AccountChooser.3078f2.delayed]
[accounts.google.com/ServiceLogin78f2.html]
[accounts.google.com/ServiceLogin6a4e.html]
[accounts.google.com/SignUpWithoutGmail3e1d.html]
[accounts.google.com/SignUpWithoutGmail3572.html]
[accounts.google.com/signin/recovery1796.html]
[accounts.google.com/SignUp3572.html]
[accounts.google.com/signin/usernamerecovery65fd.html]
[accounts.google.com/AccountChooser.3c2881.delayed]
[accounts.google.com/ServiceLogin1326.html]
[accounts.google.com/ServiceLogin2881.html]
[accounts.google.com/SignUpc957.html]
[accounts.google.com/SignUpWithoutGmail2463.html]
[accounts.google.com/signin/recoveryc957.html]
[accounts.google.com/SignUp2463.html]
[accounts.google.com/AccountChooser.472bed.delayed]
[accounts.google.com/ServiceLogin6a4e.html]
[accounts.google.com/ServiceLoginc30b.html]
[accounts.google.com/SignUpWithoutGmail3e1d.html]
[accounts.google.com/SignUp3572.html]
[accounts.google.com/signin/usernamerecovery65fd.html]
[accounts.google.com/SignUpe233.html]
[accounts.google.com/AccountChooser.54c913.delayed]
[accounts.google.com/ServiceLogin1326.html]
[accounts.google.com/ServiceLogin1933.html]
[accounts.google.com/SignUpc957.html]
[accounts.google.com/SignUp2463.html]
[accounts.google.com/SignUpWithoutGmail60ba.html]
[accounts.google.com/AccountChooser.5fc30b.delayed]
[accounts.google.com/ServiceLoginc30b.html]
[accounts.google.com/SignUpe233.html]
[accounts.google.com/SignUpWithoutGmaile233.html]
[accounts.google.com/AccountChooser.661933.delayed]
[accounts.google.com/ServiceLogin1933.html]
[accounts.google.com/SignUpWithoutGmail60ba.html]
[accounts.google.com/SignUpWithoutGmaile233.html]
[accounts.google.com/SignUp60ba.html]
[accounts.google.com/SignUp60ba.html]
